mode: atomic
github.com/kaankoken/helper/pkg/helper/d_logger.go:27.45,31.2 2 2
github.com/kaankoken/helper/pkg/helper/d_logger.go:42.46,43.16 1 4
github.com/kaankoken/helper/pkg/helper/d_logger.go:49.2,49.12 1 2
github.com/kaankoken/helper/pkg/helper/d_logger.go:43.16,47.3 2 2
github.com/kaankoken/helper/pkg/helper/d_logger.go:62.68,63.16 1 6
github.com/kaankoken/helper/pkg/helper/d_logger.go:70.2,70.12 1 2
github.com/kaankoken/helper/pkg/helper/d_logger.go:63.16,68.3 3 4
github.com/kaankoken/helper/pkg/helper/d_logger.go:80.47,84.2 2 2
github.com/kaankoken/helper/pkg/helper/d_logger.go:94.69,99.2 3 4
github.com/kaankoken/helper/pkg/helper/r_logger.go:17.56,19.3 1 2
github.com/kaankoken/helper/pkg/helper/r_logger.go:35.37,49.2 9 3
github.com/kaankoken/helper/pkg/helper/r_logger.go:59.69,61.2 1 2
github.com/kaankoken/helper/pkg/helper/r_logger.go:72.46,73.16 1 4
github.com/kaankoken/helper/pkg/helper/r_logger.go:79.2,79.12 1 2
github.com/kaankoken/helper/pkg/helper/r_logger.go:73.16,77.3 2 2
github.com/kaankoken/helper/pkg/helper/r_logger.go:92.68,93.16 1 6
github.com/kaankoken/helper/pkg/helper/r_logger.go:100.2,100.12 1 2
github.com/kaankoken/helper/pkg/helper/r_logger.go:93.16,98.3 3 4
github.com/kaankoken/helper/pkg/helper/r_logger.go:110.47,114.2 2 2
github.com/kaankoken/helper/pkg/helper/r_logger.go:124.70,129.2 3 4
github.com/kaankoken/helper/pkg/helper/r_logger.go:136.53,137.27 1 24
github.com/kaankoken/helper/pkg/helper/r_logger.go:138.33,142.4 1 0
github.com/kaankoken/helper/pkg/helper/r_logger.go:143.32,144.19 1 0
github.com/kaankoken/helper/pkg/helper/r_logger.go:157.32,161.4 1 0
github.com/kaankoken/helper/pkg/helper/r_logger.go:162.31,163.19 1 0
github.com/kaankoken/helper/pkg/helper/r_logger.go:176.25,177.86 1 0
github.com/kaankoken/helper/pkg/helper/r_logger.go:178.25,179.43 1 12
github.com/kaankoken/helper/pkg/helper/r_logger.go:182.26,183.43 1 0
github.com/kaankoken/helper/pkg/helper/r_logger.go:189.25,190.53 1 3
github.com/kaankoken/helper/pkg/helper/r_logger.go:191.24,192.19 1 2
github.com/kaankoken/helper/pkg/helper/r_logger.go:195.34,196.19 1 2
github.com/kaankoken/helper/pkg/helper/r_logger.go:144.19,150.4 1 0
github.com/kaankoken/helper/pkg/helper/r_logger.go:150.9,156.4 1 0
github.com/kaankoken/helper/pkg/helper/r_logger.go:163.19,169.4 1 0
github.com/kaankoken/helper/pkg/helper/r_logger.go:169.9,175.4 1 0
github.com/kaankoken/helper/pkg/helper/r_logger.go:179.43,181.4 1 12
github.com/kaankoken/helper/pkg/helper/r_logger.go:183.43,188.4 1 0
github.com/kaankoken/helper/pkg/helper/r_logger.go:192.19,194.4 1 2
github.com/kaankoken/helper/pkg/helper/r_logger.go:196.19,198.4 1 2
github.com/kaankoken/helper/pkg/tag.go:12.34,14.2 1 2
