mode: atomic
github.com/kaankoken/helper/cmd/main_app.go:11.24,20.2 2 1
github.com/kaankoken/helper/cmd/main_app.go:23.71,26.41 1 2
github.com/kaankoken/helper/cmd/main_app.go:26.41,29.5 2 2
github.com/kaankoken/helper/cmd/main_app.go:30.40,33.5 2 2
github.com/kaankoken/helper/pkg/flavor.go:17.46,19.2 1 2
github.com/kaankoken/helper/pkg/flavor.go:22.50,24.2 1 1
github.com/kaankoken/helper/pkg/helper/d_logger.go:26.45,30.2 2 2
github.com/kaankoken/helper/pkg/helper/d_logger.go:41.46,42.16 1 4
github.com/kaankoken/helper/pkg/helper/d_logger.go:48.2,48.12 1 2
github.com/kaankoken/helper/pkg/helper/d_logger.go:42.16,46.3 2 2
github.com/kaankoken/helper/pkg/helper/d_logger.go:61.68,62.16 1 6
github.com/kaankoken/helper/pkg/helper/d_logger.go:69.2,69.12 1 2
github.com/kaankoken/helper/pkg/helper/d_logger.go:62.16,67.3 3 4
github.com/kaankoken/helper/pkg/helper/d_logger.go:79.47,83.2 2 2
github.com/kaankoken/helper/pkg/helper/d_logger.go:93.69,98.2 3 4
github.com/kaankoken/helper/pkg/helper/handler.go:42.68,49.2 4 3
github.com/kaankoken/helper/pkg/helper/handler.go:61.44,62.21 1 6
github.com/kaankoken/helper/pkg/helper/handler.go:66.2,66.32 1 2
github.com/kaankoken/helper/pkg/helper/handler.go:62.21,64.3 1 4
github.com/kaankoken/helper/pkg/helper/handler.go:80.66,81.21 1 9
github.com/kaankoken/helper/pkg/helper/handler.go:85.2,85.47 1 3
github.com/kaankoken/helper/pkg/helper/handler.go:81.21,83.3 1 6
github.com/kaankoken/helper/pkg/helper/handler.go:97.45,98.21 1 3
github.com/kaankoken/helper/pkg/helper/handler.go:102.2,102.31 1 1
github.com/kaankoken/helper/pkg/helper/handler.go:98.21,100.3 1 2
github.com/kaankoken/helper/pkg/helper/handler.go:115.67,116.21 1 6
github.com/kaankoken/helper/pkg/helper/handler.go:120.2,120.46 1 2
github.com/kaankoken/helper/pkg/helper/handler.go:116.21,118.3 1 4
github.com/kaankoken/helper/pkg/helper/r_logger.go:17.56,19.3 1 3
github.com/kaankoken/helper/pkg/helper/r_logger.go:35.37,49.2 9 4
github.com/kaankoken/helper/pkg/helper/r_logger.go:59.69,61.2 1 3
github.com/kaankoken/helper/pkg/helper/r_logger.go:72.46,73.16 1 4
github.com/kaankoken/helper/pkg/helper/r_logger.go:79.2,79.12 1 2
github.com/kaankoken/helper/pkg/helper/r_logger.go:73.16,77.3 2 2
github.com/kaankoken/helper/pkg/helper/r_logger.go:92.68,93.16 1 6
github.com/kaankoken/helper/pkg/helper/r_logger.go:100.2,100.12 1 2
github.com/kaankoken/helper/pkg/helper/r_logger.go:93.16,98.3 3 4
github.com/kaankoken/helper/pkg/helper/r_logger.go:110.47,114.2 2 2
github.com/kaankoken/helper/pkg/helper/r_logger.go:124.70,129.2 3 4
github.com/kaankoken/helper/pkg/helper/r_logger.go:136.53,137.27 1 60
github.com/kaankoken/helper/pkg/helper/r_logger.go:138.33,142.4 1 4
github.com/kaankoken/helper/pkg/helper/r_logger.go:143.32,144.19 1 8
github.com/kaankoken/helper/pkg/helper/r_logger.go:157.32,161.4 1 5
github.com/kaankoken/helper/pkg/helper/r_logger.go:162.31,163.19 1 2
github.com/kaankoken/helper/pkg/helper/r_logger.go:176.25,177.86 1 2
github.com/kaankoken/helper/pkg/helper/r_logger.go:178.25,179.43 1 18
github.com/kaankoken/helper/pkg/helper/r_logger.go:182.26,183.43 1 2
github.com/kaankoken/helper/pkg/helper/r_logger.go:189.25,190.53 1 5
github.com/kaankoken/helper/pkg/helper/r_logger.go:191.24,192.19 1 3
github.com/kaankoken/helper/pkg/helper/r_logger.go:195.34,196.19 1 3
github.com/kaankoken/helper/pkg/helper/r_logger.go:144.19,150.4 1 4
github.com/kaankoken/helper/pkg/helper/r_logger.go:150.9,156.4 1 4
github.com/kaankoken/helper/pkg/helper/r_logger.go:163.19,169.4 1 1
github.com/kaankoken/helper/pkg/helper/r_logger.go:169.9,175.4 1 1
github.com/kaankoken/helper/pkg/helper/r_logger.go:179.43,181.4 1 18
github.com/kaankoken/helper/pkg/helper/r_logger.go:183.43,188.4 1 2
github.com/kaankoken/helper/pkg/helper/r_logger.go:192.19,194.4 1 3
github.com/kaankoken/helper/pkg/helper/r_logger.go:196.19,198.4 1 3
github.com/kaankoken/helper/pkg/tag.go:12.34,14.2 1 2
